[2014-04-11 07:57:50] alias_create_exceute
alias_create_exceute () 
{ 
    for _path in "$rvm_rubies_path" "$rvm_environments_path" "$rvm_wrappers_path";
    do
        if [[ -L "$_path/$alias_name" ]]; then
            \rm -fv "$_path/$alias_name" || return $?;
        fi;
        \ln -fsv "$_path/$rvm_ruby_string" "$_path/$alias_name" || return $?;
    done;
    __rvm_db_ "$rvm_path/config/alias" "$alias_name" "$rvm_ruby_string"
}
current path: /home/sekai_cms/.rvm/src/rvm
PATH=/sbin:/bin:/usr/sbin:/usr/bin:/usr/games:/usr/local/sbin:/usr/local/bin:/home/sekai_cms/bin:/usr/local/heroku/heroku-client/bin/:/home/sekai_cms/.rvm/bin
command(1): alias_create_exceute
+ /scripts/alias : alias_create_exceute()  27 > for _path in '"$rvm_rubies_path"' '"$rvm_environments_path"' '"$rvm_wrappers_path"'
+ /scripts/alias : alias_create_exceute()  29 > [[ -L /home/sekai_cms/.rvm/rubies/default ]]
+ /scripts/alias : alias_create_exceute()  32 > ln -fsv /home/sekai_cms/.rvm/rubies/ruby-2.1.1 /home/sekai_cms/.rvm/rubies/default
/home/sekai_cms/.rvm/rubies/default -> /home/sekai_cms/.rvm/rubies/ruby-2.1.1
+ /scripts/alias : alias_create_exceute()  27 > for _path in '"$rvm_rubies_path"' '"$rvm_environments_path"' '"$rvm_wrappers_path"'
+ /scripts/alias : alias_create_exceute()  29 > [[ -L /home/sekai_cms/.rvm/environments/default ]]
+ /scripts/alias : alias_create_exceute()  32 > ln -fsv /home/sekai_cms/.rvm/environments/ruby-2.1.1 /home/sekai_cms/.rvm/environments/default
/home/sekai_cms/.rvm/environments/default -> /home/sekai_cms/.rvm/environments/ruby-2.1.1
+ /scripts/alias : alias_create_exceute()  27 > for _path in '"$rvm_rubies_path"' '"$rvm_environments_path"' '"$rvm_wrappers_path"'
+ /scripts/alias : alias_create_exceute()  29 > [[ -L /home/sekai_cms/.rvm/wrappers/default ]]
+ /scripts/alias : alias_create_exceute()  32 > ln -fsv /home/sekai_cms/.rvm/wrappers/ruby-2.1.1 /home/sekai_cms/.rvm/wrappers/default
/home/sekai_cms/.rvm/wrappers/default -> /home/sekai_cms/.rvm/wrappers/ruby-2.1.1
+ /scripts/alias : alias_create_exceute()  35 > __rvm_db_ /home/sekai_cms/.rvm/config/alias default ruby-2.1.1
+ /scripts/functions/db : __rvm_db_()  60 > typeset __db __key __value
+ /scripts/functions/db : __rvm_db_()  61 > __db=/home/sekai_cms/.rvm/config/alias
+ /scripts/functions/db : __rvm_db_()  62 > __key=default
+ /scripts/functions/db : __rvm_db_()  63 > shift 2
+ /scripts/functions/db : __rvm_db_()  64 > __value=ruby-2.1.1
+ /scripts/functions/db : __rvm_db_()  65 > case "${__value}" in
+ /scripts/functions/db : __rvm_db_()  73 > __rvm_db_add /home/sekai_cms/.rvm/config/alias default ruby-2.1.1
+ /scripts/functions/db : __rvm_db_add()  41 > typeset __dir=/home/sekai_cms/.rvm/config
+ /scripts/functions/db : __rvm_db_add()  42 > [[ -f /home/sekai_cms/.rvm/config/alias ]]
+ /scripts/functions/db : __rvm_db_add()  43 > __rvm_db_remove /home/sekai_cms/.rvm/config/alias default
+ /scripts/functions/db : __rvm_db_remove()  32 > [[ -f /home/sekai_cms/.rvm/config/alias ]]
+ /scripts/functions/db : __rvm_db_remove()  34 > __rvm_sed -e 's#^default=.*$##' -e '/^$/d' /home/sekai_cms/.rvm/config/alias
+ /scripts/functions/support : __rvm_sed()  251 > sed -e 's#^default=.*$##' -e '/^$/d' /home/sekai_cms/.rvm/config/alias
+ /scripts/functions/db : __rvm_db_remove()  35 > mv -f /home/sekai_cms/.rvm/config/alias.new /home/sekai_cms/.rvm/config/alias
+ /scripts/functions/db : __rvm_db_add()  47 > printf '%b=%b\n' default ruby-2.1.1
