[2014-04-15 07:41:37] ./configure
current path: /home/sekai_cms/.rvm/src/readline-5.2
PATH=/sbin:/bin:/usr/sbin:/usr/games:/usr/local/sbin:/usr/local/bin:/home/sekai_cms/bin:/home/sekai_cms/.rvm/bin:/usr/bin
command(8): env CFLAGS=-I/usr/local/include -I/home/sekai_cms/.rvm/usr/include LDFLAGS=-L/usr/local/lib -Wl,-rpath,/usr/local/lib -L/home/sekai_cms/.rvm/usr/lib -Wl,-rpath,/home/sekai_cms/.rvm/usr/lib ./configure --disable-dependency-tracking --prefix=/home/sekai_cms/.rvm/usr --disable-static --enable-shared
configure: WARNING: unrecognized options: --disable-dependency-tracking
checking build system type... x86_64-unknown-freebsd
checking host system type... x86_64-unknown-freebsd

Beginning configuration for readline-5.2 for x86_64-unknown-freebsd

checking whether make sets $(MAKE)... yes
checking for gcc... no
checking for cc... cc
checking whether the C compiler works... yes
checking for C compiler default output file name... a.out
checking for suffix of executables... 
checking whether we are cross compiling... no
checking for suffix of object files... o
checking whether we are using the GNU C compiler... yes
checking whether cc accepts -g... yes
checking for cc option to accept ISO C89... none needed
checking how to run the C preprocessor... cc -E
checking for grep that handles long lines and -e... /usr/bin/grep
checking for egrep... /usr/bin/grep -E
checking for ANSI C header files... yes
checking for sys/types.h... yes
checking for sys/stat.h... yes
checking for stdlib.h... yes
checking for string.h... yes
checking for memory.h... yes
checking for strings.h... yes
checking for inttypes.h... yes
checking for stdint.h... yes
checking for unistd.h... yes
checking minix/config.h usability... no
checking minix/config.h presence... no
checking for minix/config.h... no
checking whether it is safe to define __EXTENSIONS__... yes
checking whether cc needs -traditional... no
checking for a BSD-compatible install... /usr/bin/install -c
checking for ar... ar
checking for ranlib... ranlib
checking for an ANSI C-conforming const... yes
checking for function prototypes... yes
checking whether char is unsigned... no
checking return type of signal handlers... void
checking for size_t... yes
checking for ssize_t... yes
checking for ANSI C header files... (cached) yes
checking whether stat file-mode macros are broken... no
checking for dirent.h that defines DIR... yes
checking for library containing opendir... none required
checking for fcntl... yes
checking for kill... yes
checking for lstat... yes
checking for memmove... yes
checking for putenv... yes
checking for select... yes
checking for setenv... yes
checking for setlocale... yes
checking for strcasecmp... yes
checking for strpbrk... yes
checking for tcgetattr... yes
checking for vsnprintf... yes
checking for isascii... yes
checking for isxdigit... yes
checking for getpwent... yes
checking for getpwnam... yes
checking for getpwuid... yes
checking for working strcoll... yes
checking fcntl.h usability... yes
checking fcntl.h presence... yes
checking for fcntl.h... yes
checking for unistd.h... (cached) yes
checking for stdlib.h... (cached) yes
checking varargs.h usability... no
checking varargs.h presence... no
checking for varargs.h... no
checking stdarg.h usability... yes
checking stdarg.h presence... yes
checking for stdarg.h... yes
checking for string.h... (cached) yes
checking for strings.h... (cached) yes
checking limits.h usability... yes
checking limits.h presence... yes
checking for limits.h... yes
checking locale.h usability... yes
checking locale.h presence... yes
checking for locale.h... yes
checking pwd.h usability... yes
checking pwd.h presence... yes
checking for pwd.h... yes
checking for memory.h... (cached) yes
checking termcap.h usability... yes
checking termcap.h presence... yes
checking for termcap.h... yes
checking termios.h usability... yes
checking termios.h presence... yes
checking for termios.h... yes
checking termio.h usability... no
checking termio.h presence... no
checking for termio.h... no
checking sys/pte.h usability... no
checking sys/pte.h presence... no
checking for sys/pte.h... no
checking sys/stream.h usability... no
checking sys/stream.h presence... no
checking for sys/stream.h... no
checking sys/select.h usability... yes
checking sys/select.h presence... yes
checking for sys/select.h... yes
checking sys/file.h usability... yes
checking sys/file.h presence... yes
checking for sys/file.h... yes
checking for sys/ptem.h... no
checking for type of signal functions... posix
checking if signal handlers must be reinstalled when invoked... no
checking for presence of POSIX-style sigsetjmp/siglongjmp... present
checking for lstat... yes
checking whether or not strcoll and strcmp differ... no
checking whether the ctype macros accept non-ascii characters... yes
checking whether getpw functions are declared in pwd.h... yes
checking whether termios.h defines TIOCGWINSZ... yes
checking whether signal handlers are of type void... yes
checking for TIOCSTAT in sys/ioctl.h... yes
checking for FIONREAD in sys/ioctl.h... yes
checking for speed_t in sys/types.h... no
checking for struct winsize in sys/ioctl.h and termios.h... sys/ioctl.h
checking for struct dirent.d_ino... yes
checking for struct dirent.d_fileno... yes
checking for tgetent... no
checking for tgetent in -ltermcap... yes
checking which library has the termcap functions... using libtermcap
checking wctype.h usability... yes
checking wctype.h presence... yes
checking for wctype.h... yes
checking wchar.h usability... yes
checking wchar.h presence... yes
checking for wchar.h... yes
checking langinfo.h usability... yes
checking langinfo.h presence... yes
checking for langinfo.h... yes
checking for mbsrtowcs... yes
checking for mbrlen... yes
checking for wcrtomb... yes
checking for wcscoll... yes
checking for wcsdup... yes
checking for wcwidth... yes
checking for wctype... yes
checking whether mbrtowc and mbstate_t are properly declared... yes
checking for iswlower... yes
checking for iswupper... yes
checking for towlower... yes
checking for towupper... yes
checking for iswctype... yes
checking for nl_langinfo and CODESET... yes
checking for wchar_t in wchar.h... yes
checking for wctype_t in wctype.h... yes
checking for wint_t in wctype.h... yes
checking configuration for building shared libraries... unsupported
configure: creating ./config.status
config.status: creating Makefile
config.status: WARNING:  'Makefile.in' seems to ignore the --datarootdir setting
config.status: creating doc/Makefile
config.status: WARNING:  'doc/Makefile.in' seems to ignore the --datarootdir setting
config.status: creating examples/Makefile
config.status: creating shlib/Makefile
config.status: WARNING:  'shlib/Makefile.in' seems to ignore the --datarootdir setting
config.status: creating config.h
config.status: executing default commands
configure: WARNING: unrecognized options: --disable-dependency-tracking
