[2014-04-12 08:00:33] __rvm_package_extract
__rvm_package_extract () 
{ 
    rvm_debug __rvm_package_extract:$#: "$@";
    typeset __tempdir __path __file __return;
    __return=0;
    __tempdir="$( TMPDIR="${rvm_tmp_path}" mktemp -d -t rvm-tmp.XXXXXXXXX )";
    __rvm_package_extract_run "$1" "$__tempdir" || __return=$?;
    if (( __return == 0 )); then
        for __path in "$__tempdir"/*;
        do
            __file="${__path##*/}";
            if [[ -n "${__file}" && -e "$2/${__file}" ]]; then
                \rm -rf "$2/${__file}" || __return=$?;
            fi;
            \mv -f "${__path}" "$2/" || __return=$?;
        done;
    fi;
    if [[ -n "$__tempdir" ]]; then
        \rm -rf "$__tempdir";
    fi;
    return $__return
}
current path: /home/sekai_cms/.rvm/src
PATH=/sbin:/bin:/usr/sbin:/usr/bin:/usr/games:/usr/local/sbin:/usr/local/bin:/home/sekai_cms/bin:/home/sekai_cms/.rvm/bin
command(3): __rvm_package_extract /home/sekai_cms/.rvm/archives/ruby-2.0.0-p353.tar.bz2 /home/sekai_cms/.rvm/tmp/rvm_src_1416
++ rvm_debug __rvm_package_extract:2: /home/sekai_cms/.rvm/archives/ruby-2.0.0-p353.tar.bz2 /home/sekai_cms/.rvm/tmp/rvm_src_1416
++ ((  0  ))
++ return 0
++ typeset __tempdir __path __file __return
++ __return=0
+++ TMPDIR=/home/sekai_cms/.rvm/tmp
+++ mktemp -d -t rvm-tmp.XXXXXXXXX
++ __tempdir=/home/sekai_cms/.rvm/tmp/rvm-tmp.XXXXXXXXX.a1IsHExG
++ __rvm_package_extract_run /home/sekai_cms/.rvm/archives/ruby-2.0.0-p353.tar.bz2 /home/sekai_cms/.rvm/tmp/rvm-tmp.XXXXXXXXX.a1IsHExG
++ [[ -d /home/sekai_cms/.rvm/tmp/rvm-tmp.XXXXXXXXX.a1IsHExG ]]
++ case "$1" in
++ [[ -n '' ]]
++ __rvm_tar xjf /home/sekai_cms/.rvm/archives/ruby-2.0.0-p353.tar.bz2 -C /home/sekai_cms/.rvm/tmp/rvm-tmp.XXXXXXXXX.a1IsHExG
++ tar xjf /home/sekai_cms/.rvm/archives/ruby-2.0.0-p353.tar.bz2 -C /home/sekai_cms/.rvm/tmp/rvm-tmp.XXXXXXXXX.a1IsHExG
++ __rvm_fix_group_permissions /home/sekai_cms/.rvm/tmp/rvm-tmp.XXXXXXXXX.a1IsHExG/ruby-2.0.0-p353
++ umask -S
++ __rvm_grep g=rw
++ GREP_OPTIONS=
++ grep g=rw
++ chmod -R g+rwX /home/sekai_cms/.rvm/tmp/rvm-tmp.XXXXXXXXX.a1IsHExG/ruby-2.0.0-p353
++ ((  __return == 0  ))
++ for __path in '"$__tempdir"/*'
++ __file=ruby-2.0.0-p353
++ [[ -n ruby-2.0.0-p353 ]]
++ [[ -e /home/sekai_cms/.rvm/tmp/rvm_src_1416/ruby-2.0.0-p353 ]]
++ mv -f /home/sekai_cms/.rvm/tmp/rvm-tmp.XXXXXXXXX.a1IsHExG/ruby-2.0.0-p353 /home/sekai_cms/.rvm/tmp/rvm_src_1416/
++ [[ -n /home/sekai_cms/.rvm/tmp/rvm-tmp.XXXXXXXXX.a1IsHExG ]]
++ rm -rf /home/sekai_cms/.rvm/tmp/rvm-tmp.XXXXXXXXX.a1IsHExG
++ return 0
